# JRE version: OpenJDK Runtime Environment Temurin-21.0.10+7 (21.0.10+7) (build 21.0.10+7-LTS)
# Java VM: OpenJDK 64-Bit Server VM Temurin-21.0.10+7 (21.0.10+7-LTS, mixed mode, sharing, tiered, compressed oops, compressed class ptrs, parallel gc, windows-amd64)
GC Precious Log:
 CardTable entry size: 512
 CPUs: 12 total, 12 available
 Memory: 6005M
 Large Page Support: Disabled
 NUMA Support: Disabled
 Compressed Oops: Enabled (32-bit)
 Alignments: Space 512K, Generation 512K, Heap 2M
 Heap Min Capacity: 100M
 Heap Initial Capacity: 100M
 Heap Max Capacity: 2G
 Pre-touch: Disabled
 Parallel Workers: 10
Heap:
 PSYoungGen      total 4608K, used 1952K [0x00000000d5580000, 0x00000000d5b00000, 0x0000000100000000)
  eden space 4096K, 39% used [0x00000000d5580000,0x00000000d57181b0,0x00000000d5980000)
  from space 512K, 62% used [0x00000000d5a00000,0x00000000d5a50000,0x00000000d5a80000)
  to   space 512K, 0% used [0x00000000d5a80000,0x00000000d5a80000,0x00000000d5b00000)
 ParOldGen       total 1327104K, used 1326830K [0x0000000080000000, 0x00000000d1000000, 0x00000000d5580000)
  object space 1327104K, 99% used [0x0000000080000000,0x00000000d0fbb800,0x00000000d1000000)
 Metaspace       used 103362K, committed 105408K, reserved 1179648K
  class space    used 10583K, committed 11584K, reserved 1048576K
GC Heap History (20 events):
Event: 19932.268 GC heap before
{Heap before GC invocations=5136 (full 13):
 PSYoungGen      total 5120K, used 4656K [0x00000000d5580000, 0x00000000d5b80000, 0x0000000100000000)
  eden space 4096K, 100% used [0x00000000d5580000,0x00000000d5980000,0x00000000d5980000)
  from space 1024K, 54% used [0x00000000d5980000,0x00000000d5a0c050,0x00000000d5a80000)
  to   space 1024K, 0% used [0x00000000d5a80000,0x00000000d5a80000,0x00000000d5b80000)
 ParOldGen       total 1326592K, used 1326550K [0x0000000080000000, 0x00000000d0f80000, 0x00000000d5580000)
  object space 1326592K, 99% used [0x0000000080000000,0x00000000d0f75800,0x00000000d0f80000)
 Metaspace       used 103339K, committed 105408K, reserved 1179648K
  class space    used 10582K, committed 11584K, reserved 1048576K
}
Event: 19932.271 GC heap after
{Heap after GC invocations=5136 (full 13):
 PSYoungGen      total 5120K, used 528K [0x00000000d5580000, 0x00000000d5b80000, 0x0000000100000000)
  eden space 4096K, 0% used [0x00000000d5580000,0x00000000d5580000,0x00000000d5980000)
  from space 1024K, 51% used [0x00000000d5a80000,0x00000000d5b04050,0x00000000d5b80000)
  to   space 1024K, 0% used [0x00000000d5980000,0x00000000d5980000,0x00000000d5a80000)
 ParOldGen       total 1326592K, used 1326574K [0x0000000080000000, 0x00000000d0f80000, 0x00000000d5580000)
  object space 1326592K, 99% used [0x0000000080000000,0x00000000d0f7b800,0x00000000d0f80000)
 Metaspace       used 103339K, committed 105408K, reserved 1179648K
  class space    used 10582K, committed 11584K, reserved 1048576K
}
Event: 19953.303 GC heap before
{Heap before GC invocations=5137 (full 13):
 PSYoungGen      total 5120K, used 4624K [0x00000000d5580000, 0x00000000d5b80000, 0x0000000100000000)
  eden space 4096K, 100% used [0x00000000d5580000,0x00000000d5980000,0x00000000d5980000)
  from space 1024K, 51% used [0x00000000d5a80000,0x00000000d5b04050,0x00000000d5b80000)
  to   space 1024K, 0% used [0x00000000d5980000,0x00000000d5980000,0x00000000d5a80000)
 ParOldGen       total 1326592K, used 1326574K [0x0000000080000000, 0x00000000d0f80000, 0x00000000d5580000)
  object space 1326592K, 99% used [0x0000000080000000,0x00000000d0f7b800,0x00000000d0f80000)
 Metaspace       used 103339K, committed 105408K, reserved 1179648K
  class space    used 10582K, committed 11584K, reserved 1048576K
}
Event: 19953.309 GC heap after
{Heap after GC invocations=5137 (full 13):
 PSYoungGen      total 5120K, used 512K [0x00000000d5580000, 0x00000000d5b80000, 0x0000000100000000)
  eden space 4096K, 0% used [0x00000000d5580000,0x00000000d5580000,0x00000000d5980000)
  from space 1024K, 50% used [0x00000000d5980000,0x00000000d5a00040,0x00000000d5a80000)
  to   space 1024K, 0% used [0x00000000d5a80000,0x00000000d5a80000,0x00000000d5b80000)
 ParOldGen       total 1327104K, used 1326622K [0x0000000080000000, 0x00000000d1000000, 0x00000000d5580000)
  object space 1327104K, 99% used [0x0000000080000000,0x00000000d0f87800,0x00000000d1000000)
 Metaspace       used 103339K, committed 105408K, reserved 1179648K
  class space    used 10582K, committed 11584K, reserved 1048576K
}
Event: 20215.509 GC heap before
{Heap before GC invocations=5138 (full 13):
 PSYoungGen      total 5120K, used 4605K [0x00000000d5580000, 0x00000000d5b80000, 0x0000000100000000)
  eden space 4096K, 99% used [0x00000000d5580000,0x00000000d597f7b8,0x00000000d5980000)
  from space 1024K, 50% used [0x00000000d5980000,0x00000000d5a00040,0x00000000d5a80000)
  to   space 1024K, 0% used [0x00000000d5a80000,0x00000000d5a80000,0x00000000d5b80000)
 ParOldGen       total 1327104K, used 1326622K [0x0000000080000000, 0x00000000d1000000, 0x00000000d5580000)
  object space 1327104K, 99% used [0x0000000080000000,0x00000000d0f87800,0x00000000d1000000)
 Metaspace       used 103339K, committed 105408K, reserved 1179648K
  class space    used 10582K, committed 11584K, reserved 1048576K
}
Event: 20215.759 GC heap after
{Heap after GC invocations=5138 (full 13):
 PSYoungGen      total 4608K, used 320K [0x00000000d5580000, 0x00000000d5b00000, 0x0000000100000000)
  eden space 4096K, 0% used [0x00000000d5580000,0x00000000d5580000,0x00000000d5980000)
  from space 512K, 62% used [0x00000000d5a80000,0x00000000d5ad0000,0x00000000d5b00000)
  to   space 512K, 0% used [0x00000000d5a00000,0x00000000d5a00000,0x00000000d5a80000)
 ParOldGen       total 1327104K, used 1326654K [0x0000000080000000, 0x00000000d1000000, 0x00000000d5580000)
  object space 1327104K, 99% used [0x0000000080000000,0x00000000d0f8f800,0x00000000d1000000)
 Metaspace       used 103339K, committed 105408K, reserved 1179648K
  class space    used 10582K, committed 11584K, reserved 1048576K
}
Event: 23568.909 GC heap before
{Heap before GC invocations=5139 (full 13):
 PSYoungGen      total 4608K, used 4415K [0x00000000d5580000, 0x00000000d5b00000, 0x0000000100000000)
  eden space 4096K, 99% used [0x00000000d5580000,0x00000000d597fff0,0x00000000d5980000)
  from space 512K, 62% used [0x00000000d5a80000,0x00000000d5ad0000,0x00000000d5b00000)
  to   space 512K, 0% used [0x00000000d5a00000,0x00000000d5a00000,0x00000000d5a80000)
 ParOldGen       total 1327104K, used 1326654K [0x0000000080000000, 0x00000000d1000000, 0x00000000d5580000)
  object space 1327104K, 99% used [0x0000000080000000,0x00000000d0f8f800,0x00000000d1000000)
 Metaspace       used 103339K, committed 105408K, reserved 1179648K
  class space    used 10582K, committed 11584K, reserved 1048576K
}
Event: 23568.928 GC heap after
{Heap after GC invocations=5139 (full 13):
 PSYoungGen      total 4608K, used 352K [0x00000000d5580000, 0x00000000d5b00000, 0x0000000100000000)
  eden space 4096K, 0% used [0x00000000d5580000,0x00000000d5580000,0x00000000d5980000)
  from space 512K, 68% used [0x00000000d5a00000,0x00000000d5a58000,0x00000000d5a80000)
  to   space 512K, 0% used [0x00000000d5a80000,0x00000000d5a80000,0x00000000d5b00000)
 ParOldGen       total 1327104K, used 1326670K [0x0000000080000000, 0x00000000d1000000, 0x00000000d5580000)
  object space 1327104K, 99% used [0x0000000080000000,0x00000000d0f93800,0x00000000d1000000)
 Metaspace       used 103339K, committed 105408K, reserved 1179648K
  class space    used 10582K, committed 11584K, reserved 1048576K
}
Event: 25186.214 GC heap before
{Heap before GC invocations=5140 (full 13):
 PSYoungGen      total 4608K, used 4448K [0x00000000d5580000, 0x00000000d5b00000, 0x0000000100000000)
  eden space 4096K, 100% used [0x00000000d5580000,0x00000000d5980000,0x00000000d5980000)
  from space 512K, 68% used [0x00000000d5a00000,0x00000000d5a58000,0x00000000d5a80000)
  to   space 512K, 0% used [0x00000000d5a80000,0x00000000d5a80000,0x00000000d5b00000)
 ParOldGen       total 1327104K, used 1326670K [0x0000000080000000, 0x00000000d1000000, 0x00000000d5580000)
  object space 1327104K, 99% used [0x0000000080000000,0x00000000d0f93800,0x00000000d1000000)
 Metaspace       used 103340K, committed 105408K, reserved 1179648K
  class space    used 10582K, committed 11584K, reserved 1048576K
}
Event: 25186.543 GC heap after
{Heap after GC invocations=5140 (full 13):
 PSYoungGen      total 4608K, used 320K [0x00000000d5580000, 0x00000000d5b00000, 0x0000000100000000)
  eden space 4096K, 0% used [0x00000000d5580000,0x00000000d5580000,0x00000000d5980000)
  from space 512K, 62% used [0x00000000d5a80000,0x00000000d5ad0000,0x00000000d5b00000)
  to   space 512K, 0% used [0x00000000d5a00000,0x00000000d5a00000,0x00000000d5a80000)
 ParOldGen       total 1327104K, used 1326702K [0x0000000080000000, 0x00000000d1000000, 0x00000000d5580000)
  object space 1327104K, 99% used [0x0000000080000000,0x00000000d0f9b800,0x00000000d1000000)
 Metaspace       used 103340K, committed 105408K, reserved 1179648K
  class space    used 10582K, committed 11584K, reserved 1048576K
}
Event: 25188.115 GC heap before
{Heap before GC invocations=5141 (full 13):
 PSYoungGen      total 4608K, used 4416K [0x00000000d5580000, 0x00000000d5b00000, 0x0000000100000000)
  eden space 4096K, 100% used [0x00000000d5580000,0x00000000d5980000,0x00000000d5980000)
  from space 512K, 62% used [0x00000000d5a80000,0x00000000d5ad0000,0x00000000d5b00000)
  to   space 512K, 0% used [0x00000000d5a00000,0x00000000d5a00000,0x00000000d5a80000)
 ParOldGen       total 1327104K, used 1326702K [0x0000000080000000, 0x00000000d1000000, 0x00000000d5580000)
  object space 1327104K, 99% used [0x0000000080000000,0x00000000d0f9b800,0x00000000d1000000)
 Metaspace       used 103345K, committed 105408K, reserved 1179648K
  class space    used 10582K, committed 11584K, reserved 1048576K
}
Event: 25188.129 GC heap after
{Heap after GC invocations=5141 (full 13):
 PSYoungGen      total 4608K, used 416K [0x00000000d5580000, 0x00000000d5b00000, 0x0000000100000000)
  eden space 4096K, 0% used [0x00000000d5580000,0x00000000d5580000,0x00000000d5980000)
  from space 512K, 81% used [0x00000000d5a00000,0x00000000d5a68020,0x00000000d5a80000)
  to   space 512K, 0% used [0x00000000d5a80000,0x00000000d5a80000,0x00000000d5b00000)
 ParOldGen       total 1327104K, used 1326718K [0x0000000080000000, 0x00000000d1000000, 0x00000000d5580000)
  object space 1327104K, 99% used [0x0000000080000000,0x00000000d0f9f800,0x00000000d1000000)
 Metaspace       used 103345K, committed 105408K, reserved 1179648K
  class space    used 10582K, committed 11584K, reserved 1048576K
}
Event: 25604.442 GC heap before
{Heap before GC invocations=5142 (full 13):
 PSYoungGen      total 4608K, used 4512K [0x00000000d5580000, 0x00000000d5b00000, 0x0000000100000000)
  eden space 4096K, 100% used [0x00000000d5580000,0x00000000d5980000,0x00000000d5980000)
  from space 512K, 81% used [0x00000000d5a00000,0x00000000d5a68020,0x00000000d5a80000)
  to   space 512K, 0% used [0x00000000d5a80000,0x00000000d5a80000,0x00000000d5b00000)
 ParOldGen       total 1327104K, used 1326718K [0x0000000080000000, 0x00000000d1000000, 0x00000000d5580000)
  object space 1327104K, 99% used [0x0000000080000000,0x00000000d0f9f800,0x00000000d1000000)
 Metaspace       used 103350K, committed 105408K, reserved 1179648K
  class space    used 10582K, committed 11584K, reserved 1048576K
}
Event: 25604.710 GC heap after
{Heap after GC invocations=5142 (full 13):
 PSYoungGen      total 4608K, used 416K [0x00000000d5580000, 0x00000000d5b00000, 0x0000000100000000)
  eden space 4096K, 0% used [0x00000000d5580000,0x00000000d5580000,0x00000000d5980000)
  from space 512K, 81% used [0x00000000d5a80000,0x00000000d5ae8020,0x00000000d5b00000)
  to   space 512K, 0% used [0x00000000d5a00000,0x00000000d5a00000,0x00000000d5a80000)
 ParOldGen       total 1327104K, used 1326766K [0x0000000080000000, 0x00000000d1000000, 0x00000000d5580000)
  object space 1327104K, 99% used [0x0000000080000000,0x00000000d0fab800,0x00000000d1000000)
 Metaspace       used 103350K, committed 105408K, reserved 1179648K
  class space    used 10582K, committed 11584K, reserved 1048576K
}
Event: 29090.559 GC heap before
{Heap before GC invocations=5143 (full 13):
 PSYoungGen      total 4608K, used 4512K [0x00000000d5580000, 0x00000000d5b00000, 0x0000000100000000)
  eden space 4096K, 100% used [0x00000000d5580000,0x00000000d5980000,0x00000000d5980000)
  from space 512K, 81% used [0x00000000d5a80000,0x00000000d5ae8020,0x00000000d5b00000)
  to   space 512K, 0% used [0x00000000d5a00000,0x00000000d5a00000,0x00000000d5a80000)
 ParOldGen       total 1327104K, used 1326766K [0x0000000080000000, 0x00000000d1000000, 0x00000000d5580000)
  object space 1327104K, 99% used [0x0000000080000000,0x00000000d0fab800,0x00000000d1000000)
 Metaspace       used 103350K, committed 105408K, reserved 1179648K
  class space    used 10582K, committed 11584K, reserved 1048576K
}
Event: 29091.411 GC heap after
{Heap after GC invocations=5143 (full 13):
 PSYoungGen      total 4608K, used 352K [0x00000000d5580000, 0x00000000d5b00000, 0x0000000100000000)
  eden space 4096K, 0% used [0x00000000d5580000,0x00000000d5580000,0x00000000d5980000)
  from space 512K, 68% used [0x00000000d5a00000,0x00000000d5a58020,0x00000000d5a80000)
  to   space 512K, 0% used [0x00000000d5a80000,0x00000000d5a80000,0x00000000d5b00000)
 ParOldGen       total 1327104K, used 1326790K [0x0000000080000000, 0x00000000d1000000, 0x00000000d5580000)
  object space 1327104K, 99% used [0x0000000080000000,0x00000000d0fb1800,0x00000000d1000000)
 Metaspace       used 103350K, committed 105408K, reserved 1179648K
  class space    used 10582K, committed 11584K, reserved 1048576K
}
Event: 31757.961 GC heap before
{Heap before GC invocations=5144 (full 13):
 PSYoungGen      total 4608K, used 4448K [0x00000000d5580000, 0x00000000d5b00000, 0x0000000100000000)
  eden space 4096K, 100% used [0x00000000d5580000,0x00000000d5980000,0x00000000d5980000)
  from space 512K, 68% used [0x00000000d5a00000,0x00000000d5a58020,0x00000000d5a80000)
  to   space 512K, 0% used [0x00000000d5a80000,0x00000000d5a80000,0x00000000d5b00000)
 ParOldGen       total 1327104K, used 1326790K [0x0000000080000000, 0x00000000d1000000, 0x00000000d5580000)
  object space 1327104K, 99% used [0x0000000080000000,0x00000000d0fb1800,0x00000000d1000000)
 Metaspace       used 103350K, committed 105408K, reserved 1179648K
  class space    used 10582K, committed 11584K, reserved 1048576K
}
Event: 31758.312 GC heap after
{Heap after GC invocations=5144 (full 13):
 PSYoungGen      total 4608K, used 288K [0x00000000d5580000, 0x00000000d5b00000, 0x0000000100000000)
  eden space 4096K, 0% used [0x00000000d5580000,0x00000000d5580000,0x00000000d5980000)
  from space 512K, 56% used [0x00000000d5a80000,0x00000000d5ac8000,0x00000000d5b00000)
  to   space 512K, 0% used [0x00000000d5a00000,0x00000000d5a00000,0x00000000d5a80000)
 ParOldGen       total 1327104K, used 1326806K [0x0000000080000000, 0x00000000d1000000, 0x00000000d5580000)
  object space 1327104K, 99% used [0x0000000080000000,0x00000000d0fb5800,0x00000000d1000000)
 Metaspace       used 103350K, committed 105408K, reserved 1179648K
  class space    used 10582K, committed 11584K, reserved 1048576K
}
Event: 36105.455 GC heap before
{Heap before GC invocations=5145 (full 13):
 PSYoungGen      total 4608K, used 4384K [0x00000000d5580000, 0x00000000d5b00000, 0x0000000100000000)
  eden space 4096K, 100% used [0x00000000d5580000,0x00000000d5980000,0x00000000d5980000)
  from space 512K, 56% used [0x00000000d5a80000,0x00000000d5ac8000,0x00000000d5b00000)
  to   space 512K, 0% used [0x00000000d5a00000,0x00000000d5a00000,0x00000000d5a80000)
 ParOldGen       total 1327104K, used 1326806K [0x0000000080000000, 0x00000000d1000000, 0x00000000d5580000)
  object space 1327104K, 99% used [0x0000000080000000,0x00000000d0fb5800,0x00000000d1000000)
 Metaspace       used 103358K, committed 105408K, reserved 1179648K
  class space    used 10582K, committed 11584K, reserved 1048576K
}
Event: 36105.710 GC heap after
{Heap after GC invocations=5145 (full 13):
 PSYoungGen      total 4608K, used 320K [0x00000000d5580000, 0x00000000d5b00000, 0x0000000100000000)
  eden space 4096K, 0% used [0x00000000d5580000,0x00000000d5580000,0x00000000d5980000)
  from space 512K, 62% used [0x00000000d5a00000,0x00000000d5a50000,0x00000000d5a80000)
  to   space 512K, 0% used [0x00000000d5a80000,0x00000000d5a80000,0x00000000d5b00000)
 ParOldGen       total 1327104K, used 1326830K [0x0000000080000000, 0x00000000d1000000, 0x00000000d5580000)
  object space 1327104K, 99% used [0x0000000080000000,0x00000000d0fbb800,0x00000000d1000000)
 Metaspace       used 103358K, committed 105408K, reserved 1179648K
  class space    used 10582K, committed 11584K, reserved 1048576K
}

