# JRE version: OpenJDK Runtime Environment Temurin-21.0.10+7 (21.0.10+7) (build 21.0.10+7-LTS)
# Java VM: OpenJDK 64-Bit Server VM Temurin-21.0.10+7 (21.0.10+7-LTS, mixed mode, sharing, tiered, compressed oops, compressed class ptrs, parallel gc, windows-amd64)
GC Precious Log:
 CardTable entry size: 512
 CPUs: 12 total, 12 available
 Memory: 6005M
 Large Page Support: Disabled
 NUMA Support: Disabled
 Compressed Oops: Enabled (32-bit)
 Alignments: Space 512K, Generation 512K, Heap 2M
 Heap Min Capacity: 100M
 Heap Initial Capacity: 100M
 Heap Max Capacity: 2G
 Pre-touch: Disabled
 Parallel Workers: 10
Heap:
 PSYoungGen      total 14848K, used 8033K [0x00000000d5580000, 0x00000000d6580000, 0x0000000100000000)
  eden space 14336K, 52% used [0x00000000d5580000,0x00000000d5ce0520,0x00000000d6380000)
  from space 512K, 93% used [0x00000000d6480000,0x00000000d64f8000,0x00000000d6500000)
  to   space 512K, 0% used [0x00000000d6500000,0x00000000d6500000,0x00000000d6580000)
 ParOldGen       total 88576K, used 88390K [0x0000000080000000, 0x0000000085680000, 0x00000000d5580000)
  object space 88576K, 99% used [0x0000000080000000,0x0000000085651bc0,0x0000000085680000)
 Metaspace       used 66292K, committed 67840K, reserved 1114112K
  class space    used 7016K, committed 7680K, reserved 1048576K
GC Heap History (20 events):
Event: 94.155 GC heap before
{Heap before GC invocations=105 (full 3):
 PSYoungGen      total 14848K, used 14552K [0x00000000d5580000, 0x00000000d6700000, 0x0000000100000000)
  eden space 14336K, 99% used [0x00000000d5580000,0x00000000d635f890,0x00000000d6380000)
  from space 512K, 67% used [0x00000000d6600000,0x00000000d6656900,0x00000000d6680000)
  to   space 512K, 0% used [0x00000000d6680000,0x00000000d6680000,0x00000000d6700000)
 ParOldGen       total 83968K, used 83649K [0x0000000080000000, 0x0000000085200000, 0x00000000d5580000)
  object space 83968K, 99% used [0x0000000080000000,0x00000000851b0520,0x0000000085200000)
 Metaspace       used 65709K, committed 67200K, reserved 1114112K
  class space    used 6970K, committed 7616K, reserved 1048576K
}
Event: 94.157 GC heap after
{Heap after GC invocations=105 (full 3):
 PSYoungGen      total 14848K, used 508K [0x00000000d5580000, 0x00000000d6980000, 0x0000000100000000)
  eden space 14336K, 0% used [0x00000000d5580000,0x00000000d5580000,0x00000000d6380000)
  from space 512K, 99% used [0x00000000d6680000,0x00000000d66ff288,0x00000000d6700000)
  to   space 3072K, 0% used [0x00000000d6380000,0x00000000d6380000,0x00000000d6680000)
 ParOldGen       total 85504K, used 85449K [0x0000000080000000, 0x0000000085380000, 0x00000000d5580000)
  object space 85504K, 99% used [0x0000000080000000,0x00000000853727a8,0x0000000085380000)
 Metaspace       used 65709K, committed 67200K, reserved 1114112K
  class space    used 6970K, committed 7616K, reserved 1048576K
}
Event: 94.245 GC heap before
{Heap before GC invocations=106 (full 3):
 PSYoungGen      total 14848K, used 14844K [0x00000000d5580000, 0x00000000d6980000, 0x0000000100000000)
  eden space 14336K, 100% used [0x00000000d5580000,0x00000000d6380000,0x00000000d6380000)
  from space 512K, 99% used [0x00000000d6680000,0x00000000d66ff288,0x00000000d6700000)
  to   space 3072K, 0% used [0x00000000d6380000,0x00000000d6380000,0x00000000d6680000)
 ParOldGen       total 85504K, used 85449K [0x0000000080000000, 0x0000000085380000, 0x00000000d5580000)
  object space 85504K, 99% used [0x0000000080000000,0x00000000853727a8,0x0000000085380000)
 Metaspace       used 65734K, committed 67200K, reserved 1114112K
  class space    used 6970K, committed 7616K, reserved 1048576K
}
Event: 94.247 GC heap after
{Heap after GC invocations=106 (full 3):
 PSYoungGen      total 15360K, used 826K [0x00000000d5580000, 0x00000000d6700000, 0x0000000100000000)
  eden space 14336K, 0% used [0x00000000d5580000,0x00000000d5580000,0x00000000d6380000)
  from space 1024K, 80% used [0x00000000d6380000,0x00000000d644e900,0x00000000d6480000)
  to   space 1536K, 0% used [0x00000000d6580000,0x00000000d6580000,0x00000000d6700000)
 ParOldGen       total 86016K, used 85540K [0x0000000080000000, 0x0000000085400000, 0x00000000d5580000)
  object space 86016K, 99% used [0x0000000080000000,0x00000000853890a8,0x0000000085400000)
 Metaspace       used 65734K, committed 67200K, reserved 1114112K
  class space    used 6970K, committed 7616K, reserved 1048576K
}
Event: 94.366 GC heap before
{Heap before GC invocations=107 (full 3):
 PSYoungGen      total 15360K, used 13987K [0x00000000d5580000, 0x00000000d6700000, 0x0000000100000000)
  eden space 14336K, 91% used [0x00000000d5580000,0x00000000d625a518,0x00000000d6380000)
  from space 1024K, 80% used [0x00000000d6380000,0x00000000d644e900,0x00000000d6480000)
  to   space 1536K, 0% used [0x00000000d6580000,0x00000000d6580000,0x00000000d6700000)
 ParOldGen       total 86016K, used 85540K [0x0000000080000000, 0x0000000085400000, 0x00000000d5580000)
  object space 86016K, 99% used [0x0000000080000000,0x00000000853890a8,0x0000000085400000)
 Metaspace       used 65750K, committed 67264K, reserved 1114112K
  class space    used 6970K, committed 7616K, reserved 1048576K
}
Event: 94.368 GC heap after
{Heap after GC invocations=107 (full 3):
 PSYoungGen      total 14848K, used 474K [0x00000000d5580000, 0x00000000d6600000, 0x0000000100000000)
  eden space 14336K, 0% used [0x00000000d5580000,0x00000000d5580000,0x00000000d6380000)
  from space 512K, 92% used [0x00000000d6580000,0x00000000d65f6900,0x00000000d6600000)
  to   space 1024K, 0% used [0x00000000d6400000,0x00000000d6400000,0x00000000d6500000)
 ParOldGen       total 86528K, used 86108K [0x0000000080000000, 0x0000000085480000, 0x00000000d5580000)
  object space 86528K, 99% used [0x0000000080000000,0x00000000854170a8,0x0000000085480000)
 Metaspace       used 65750K, committed 67264K, reserved 1114112K
  class space    used 6970K, committed 7616K, reserved 1048576K
}
Event: 94.459 GC heap before
{Heap before GC invocations=108 (full 3):
 PSYoungGen      total 14848K, used 14810K [0x00000000d5580000, 0x00000000d6600000, 0x0000000100000000)
  eden space 14336K, 100% used [0x00000000d5580000,0x00000000d6380000,0x00000000d6380000)
  from space 512K, 92% used [0x00000000d6580000,0x00000000d65f6900,0x00000000d6600000)
  to   space 1024K, 0% used [0x00000000d6400000,0x00000000d6400000,0x00000000d6500000)
 ParOldGen       total 86528K, used 86108K [0x0000000080000000, 0x0000000085480000, 0x00000000d5580000)
  object space 86528K, 99% used [0x0000000080000000,0x00000000854170a8,0x0000000085480000)
 Metaspace       used 65751K, committed 67264K, reserved 1114112K
  class space    used 6970K, committed 7616K, reserved 1048576K
}
Event: 94.461 GC heap after
{Heap after GC invocations=108 (full 3):
 PSYoungGen      total 15360K, used 570K [0x00000000d5580000, 0x00000000d6600000, 0x0000000100000000)
  eden space 14336K, 0% used [0x00000000d5580000,0x00000000d5580000,0x00000000d6380000)
  from space 1024K, 55% used [0x00000000d6400000,0x00000000d648e900,0x00000000d6500000)
  to   space 1024K, 0% used [0x00000000d6500000,0x00000000d6500000,0x00000000d6600000)
 ParOldGen       total 86528K, used 86228K [0x0000000080000000, 0x0000000085480000, 0x00000000d5580000)
  object space 86528K, 99% used [0x0000000080000000,0x00000000854350a8,0x0000000085480000)
 Metaspace       used 65751K, committed 67264K, reserved 1114112K
  class space    used 6970K, committed 7616K, reserved 1048576K
}
Event: 94.573 GC heap before
{Heap before GC invocations=109 (full 3):
 PSYoungGen      total 15360K, used 14896K [0x00000000d5580000, 0x00000000d6600000, 0x0000000100000000)
  eden space 14336K, 99% used [0x00000000d5580000,0x00000000d637d9f0,0x00000000d6380000)
  from space 1024K, 55% used [0x00000000d6400000,0x00000000d648e900,0x00000000d6500000)
  to   space 1024K, 0% used [0x00000000d6500000,0x00000000d6500000,0x00000000d6600000)
 ParOldGen       total 86528K, used 86228K [0x0000000080000000, 0x0000000085480000, 0x00000000d5580000)
  object space 86528K, 99% used [0x0000000080000000,0x00000000854350a8,0x0000000085480000)
 Metaspace       used 65777K, committed 67264K, reserved 1114112K
  class space    used 6970K, committed 7616K, reserved 1048576K
}
Event: 94.575 GC heap after
{Heap after GC invocations=109 (full 3):
 PSYoungGen      total 15360K, used 553K [0x00000000d5580000, 0x00000000d6600000, 0x0000000100000000)
  eden space 14336K, 0% used [0x00000000d5580000,0x00000000d5580000,0x00000000d6380000)
  from space 1024K, 54% used [0x00000000d6500000,0x00000000d658a550,0x00000000d6600000)
  to   space 1024K, 0% used [0x00000000d6400000,0x00000000d6400000,0x00000000d6500000)
 ParOldGen       total 88064K, used 87740K [0x0000000080000000, 0x0000000085600000, 0x00000000d5580000)
  object space 88064K, 99% used [0x0000000080000000,0x00000000855af340,0x0000000085600000)
 Metaspace       used 65777K, committed 67264K, reserved 1114112K
  class space    used 6970K, committed 7616K, reserved 1048576K
}
Event: 94.927 GC heap before
{Heap before GC invocations=110 (full 3):
 PSYoungGen      total 15360K, used 14889K [0x00000000d5580000, 0x00000000d6600000, 0x0000000100000000)
  eden space 14336K, 100% used [0x00000000d5580000,0x00000000d6380000,0x00000000d6380000)
  from space 1024K, 54% used [0x00000000d6500000,0x00000000d658a550,0x00000000d6600000)
  to   space 1024K, 0% used [0x00000000d6400000,0x00000000d6400000,0x00000000d6500000)
 ParOldGen       total 88064K, used 87740K [0x0000000080000000, 0x0000000085600000, 0x00000000d5580000)
  object space 88064K, 99% used [0x0000000080000000,0x00000000855af340,0x0000000085600000)
 Metaspace       used 65855K, committed 67328K, reserved 1114112K
  class space    used 6979K, committed 7616K, reserved 1048576K
}
Event: 94.929 GC heap after
{Heap after GC invocations=110 (full 3):
 PSYoungGen      total 15360K, used 660K [0x00000000d5580000, 0x00000000d6580000, 0x0000000100000000)
  eden space 14336K, 0% used [0x00000000d5580000,0x00000000d5580000,0x00000000d6380000)
  from space 1024K, 64% used [0x00000000d6400000,0x00000000d64a5200,0x00000000d6500000)
  to   space 512K, 0% used [0x00000000d6500000,0x00000000d6500000,0x00000000d6580000)
 ParOldGen       total 88064K, used 87884K [0x0000000080000000, 0x0000000085600000, 0x00000000d5580000)
  object space 88064K, 99% used [0x0000000080000000,0x00000000855d3340,0x0000000085600000)
 Metaspace       used 65855K, committed 67328K, reserved 1114112K
  class space    used 6979K, committed 7616K, reserved 1048576K
}
Event: 95.050 GC heap before
{Heap before GC invocations=111 (full 3):
 PSYoungGen      total 15360K, used 14996K [0x00000000d5580000, 0x00000000d6580000, 0x0000000100000000)
  eden space 14336K, 100% used [0x00000000d5580000,0x00000000d6380000,0x00000000d6380000)
  from space 1024K, 64% used [0x00000000d6400000,0x00000000d64a5200,0x00000000d6500000)
  to   space 512K, 0% used [0x00000000d6500000,0x00000000d6500000,0x00000000d6580000)
 ParOldGen       total 88064K, used 87884K [0x0000000080000000, 0x0000000085600000, 0x00000000d5580000)
  object space 88064K, 99% used [0x0000000080000000,0x00000000855d3340,0x0000000085600000)
 Metaspace       used 65864K, committed 67392K, reserved 1114112K
  class space    used 6979K, committed 7616K, reserved 1048576K
}
Event: 95.051 GC heap after
{Heap after GC invocations=111 (full 3):
 PSYoungGen      total 14848K, used 288K [0x00000000d5580000, 0x00000000d6580000, 0x0000000100000000)
  eden space 14336K, 0% used [0x00000000d5580000,0x00000000d5580000,0x00000000d6380000)
  from space 512K, 56% used [0x00000000d6500000,0x00000000d6548000,0x00000000d6580000)
  to   space 512K, 0% used [0x00000000d6480000,0x00000000d6480000,0x00000000d6500000)
 ParOldGen       total 88064K, used 88055K [0x0000000080000000, 0x0000000085600000, 0x00000000d5580000)
  object space 88064K, 99% used [0x0000000080000000,0x00000000855fdd88,0x0000000085600000)
 Metaspace       used 65864K, committed 67392K, reserved 1114112K
  class space    used 6979K, committed 7616K, reserved 1048576K
}
Event: 95.359 GC heap before
{Heap before GC invocations=112 (full 3):
 PSYoungGen      total 14848K, used 13565K [0x00000000d5580000, 0x00000000d6580000, 0x0000000100000000)
  eden space 14336K, 92% used [0x00000000d5580000,0x00000000d6277728,0x00000000d6380000)
  from space 512K, 56% used [0x00000000d6500000,0x00000000d6548000,0x00000000d6580000)
  to   space 512K, 0% used [0x00000000d6480000,0x00000000d6480000,0x00000000d6500000)
 ParOldGen       total 88064K, used 88055K [0x0000000080000000, 0x0000000085600000, 0x00000000d5580000)
  object space 88064K, 99% used [0x0000000080000000,0x00000000855fdd88,0x0000000085600000)
 Metaspace       used 65869K, committed 67392K, reserved 1114112K
  class space    used 6979K, committed 7616K, reserved 1048576K
}
Event: 95.361 GC heap after
{Heap after GC invocations=112 (full 3):
 PSYoungGen      total 14848K, used 288K [0x00000000d5580000, 0x00000000d6580000, 0x0000000100000000)
  eden space 14336K, 0% used [0x00000000d5580000,0x00000000d5580000,0x00000000d6380000)
  from space 512K, 56% used [0x00000000d6480000,0x00000000d64c8000,0x00000000d6500000)
  to   space 512K, 0% used [0x00000000d6500000,0x00000000d6500000,0x00000000d6580000)
 ParOldGen       total 88576K, used 88103K [0x0000000080000000, 0x0000000085680000, 0x00000000d5580000)
  object space 88576K, 99% used [0x0000000080000000,0x0000000085609d88,0x0000000085680000)
 Metaspace       used 65869K, committed 67392K, reserved 1114112K
  class space    used 6979K, committed 7616K, reserved 1048576K
}
Event: 95.998 GC heap before
{Heap before GC invocations=113 (full 3):
 PSYoungGen      total 14848K, used 14624K [0x00000000d5580000, 0x00000000d6580000, 0x0000000100000000)
  eden space 14336K, 100% used [0x00000000d5580000,0x00000000d6380000,0x00000000d6380000)
  from space 512K, 56% used [0x00000000d6480000,0x00000000d64c8000,0x00000000d6500000)
  to   space 512K, 0% used [0x00000000d6500000,0x00000000d6500000,0x00000000d6580000)
 ParOldGen       total 88576K, used 88103K [0x0000000080000000, 0x0000000085680000, 0x00000000d5580000)
  object space 88576K, 99% used [0x0000000080000000,0x0000000085609d88,0x0000000085680000)
 Metaspace       used 65937K, committed 67520K, reserved 1114112K
  class space    used 6987K, committed 7680K, reserved 1048576K
}
Event: 96.000 GC heap after
{Heap after GC invocations=113 (full 3):
 PSYoungGen      total 14848K, used 346K [0x00000000d5580000, 0x00000000d6580000, 0x0000000100000000)
  eden space 14336K, 0% used [0x00000000d5580000,0x00000000d5580000,0x00000000d6380000)
  from space 512K, 67% used [0x00000000d6500000,0x00000000d6556900,0x00000000d6580000)
  to   space 512K, 0% used [0x00000000d6480000,0x00000000d6480000,0x00000000d6500000)
 ParOldGen       total 88576K, used 88199K [0x0000000080000000, 0x0000000085680000, 0x00000000d5580000)
  object space 88576K, 99% used [0x0000000080000000,0x0000000085621d88,0x0000000085680000)
 Metaspace       used 65937K, committed 67520K, reserved 1114112K
  class space    used 6987K, committed 7680K, reserved 1048576K
}
Event: 96.134 GC heap before
{Heap before GC invocations=114 (full 3):
 PSYoungGen      total 14848K, used 14682K [0x00000000d5580000, 0x00000000d6580000, 0x0000000100000000)
  eden space 14336K, 100% used [0x00000000d5580000,0x00000000d6380000,0x00000000d6380000)
  from space 512K, 67% used [0x00000000d6500000,0x00000000d6556900,0x00000000d6580000)
  to   space 512K, 0% used [0x00000000d6480000,0x00000000d6480000,0x00000000d6500000)
 ParOldGen       total 88576K, used 88199K [0x0000000080000000, 0x0000000085680000, 0x00000000d5580000)
  object space 88576K, 99% used [0x0000000080000000,0x0000000085621d88,0x0000000085680000)
 Metaspace       used 65961K, committed 67584K, reserved 1114112K
  class space    used 6987K, committed 7680K, reserved 1048576K
}
Event: 96.135 GC heap after
{Heap after GC invocations=114 (full 3):
 PSYoungGen      total 14848K, used 480K [0x00000000d5580000, 0x00000000d6580000, 0x0000000100000000)
  eden space 14336K, 0% used [0x00000000d5580000,0x00000000d5580000,0x00000000d6380000)
  from space 512K, 93% used [0x00000000d6480000,0x00000000d64f8000,0x00000000d6500000)
  to   space 512K, 0% used [0x00000000d6500000,0x00000000d6500000,0x00000000d6580000)
 ParOldGen       total 88576K, used 88390K [0x0000000080000000, 0x0000000085680000, 0x00000000d5580000)
  object space 88576K, 99% used [0x0000000080000000,0x0000000085651bc0,0x0000000085680000)
 Metaspace       used 65961K, committed 67584K, reserved 1114112K
  class space    used 6987K, committed 7680K, reserved 1048576K
}

